{"recorder_version":"39","session":"6291935a4cdd","build":"201.6668.121","bucket":"109","time":1608979555347,"group":{"id":"settings","version":"4"},"event":{"state":true,"data":{"component":"NotRoamableUiSettings","created":1608979555770},"id":"invoked"}}
{"recorder_version":"39","session":"6291935a4cdd","build":"201.6668.121","bucket":"109","time":1608979555348,"group":{"id":"settings","version":"4"},"event":{"state":true,"data":{"component":"UISettings","created":1608979555772},"id":"invoked"}}
{"recorder_version":"39","session":"6291935a4cdd","build":"201.6668.121","bucket":"109","time":1608979555375,"group":{"id":"system.java","version":"1"},"event":{"state":true,"data":{"created":1608979555781,"version":"validation.undefined_rule"},"id":"validation.undefined_rule"}}
{"recorder_version":"39","session":"6291935a4cdd","build":"201.6668.121","bucket":"109","time":1608979555375,"group":{"id":"system.java","version":"1"},"event":{"state":true,"data":{"created":1608979555781},"id":"invoked"}}
{"recorder_version":"39","session":"6291935a4cdd","build":"201.6668.121","bucket":"109","time":1608979555400,"group":{"id":"system.os","version":"3"},"event":{"state":true,"data":{"created":1608979555794,"version":"10.0"},"id":"Windows"}}
{"recorder_version":"39","session":"6291935a4cdd","build":"201.6668.121","bucket":"109","time":1608979555400,"group":{"id":"system.os","version":"3"},"event":{"state":true,"data":{"created":1608979555795,"name":"Windows","version":"10.0"},"id":"os.name"}}
{"recorder_version":"39","session":"6291935a4cdd","build":"201.6668.121","bucket":"109","time":1608979555400,"group":{"id":"system.os","version":"3"},"event":{"state":true,"data":{"created":1608979555796,"value":"+08_00"},"id":"os.timezone"}}
{"recorder_version":"39","session":"6291935a4cdd","build":"201.6668.121","bucket":"109","time":1608979555400,"group":{"id":"system.os","version":"3"},"event":{"state":true,"data":{"created":1608979555796},"id":"invoked"}}
{"recorder_version":"39","session":"6291935a4cdd","build":"201.6668.121","bucket":"109","time":1608979555449,"group":{"id":"settings","version":"4"},"event":{"state":true,"data":{"component":"UpdatesConfigurable","created":1608979555796,"name":"checkNeeded","type":"bool","value":false},"id":"not.default"}}
{"recorder_version":"39","session":"6291935a4cdd","build":"201.6668.121","bucket":"109","time":1608979555450,"group":{"id":"settings","version":"4"},"event":{"state":true,"data":{"component":"UpdatesConfigurable","created":1608979555797},"id":"invoked"}}
{"recorder_version":"39","session":"6291935a4cdd","build":"201.6668.121","bucket":"109","time":1608979555741,"group":{"id":"event.log","version":"39"},"event":{"count":1,"data":{"created":1608979555797,"version":"1661.0"},"id":"whitelist.loaded"}}
{"recorder_version":"39","session":"6291935a4cdd","build":"201.6668.121","bucket":"109","time":1608979555878,"group":{"id":"settings","version":"4"},"event":{"state":true,"data":{"component":"GeneralSettings","created":1608979555892,"name":"showTipsOnStartup","type":"bool","value":false},"id":"not.default"}}
{"recorder_version":"39","session":"6291935a4cdd","build":"201.6668.121","bucket":"109","time":1608979555878,"group":{"id":"settings","version":"4"},"event":{"state":true,"data":{"component":"GeneralSettings","created":1608979555904},"id":"invoked"}}
{"recorder_version":"39","session":"6291935a4cdd","build":"201.6668.121","bucket":"109","time":1608979555937,"group":{"id":"settings","version":"4"},"event":{"state":true,"data":{"component":"DefaultFont","created":1608979555937},"id":"invoked"}}
{"recorder_version":"39","session":"6291935a4cdd","build":"201.6668.121","bucket":"109","time":1608979556046,"group":{"id":"lifecycle","version":"39"},"event":{"count":1,"data":{"internal":true,"eap":false,"created":1608979556065,"debug_agent":true},"id":"ide.start"}}
{"recorder_version":"39","session":"6291935a4cdd","build":"201.6668.121","bucket":"109","time":1608979556549,"group":{"id":"performance","version":"39"},"event":{"count":1,"data":{"duration_ms":372,"created":1608979556578},"id":"ui.latency"}}
{"recorder_version":"39","session":"6291935a4cdd","build":"201.6668.121","bucket":"109","time":1608979556631,"group":{"id":"ui.dialogs","version":"39"},"event":{"count":1,"data":{"created":1608979556646,"plugin_type":"PLATFORM","dialog_class":"com.intellij.openapi.progress.util.ProgressDialog$MyDialogWrapper"},"id":"show"}}
{"recorder_version":"39","session":"6291935a4cdd","build":"201.6668.121","bucket":"109","time":1608979557264,"group":{"id":"settings","version":"4"},"event":{"state":true,"data":{"component":"XmlEditorOptions","created":1608979557270},"id":"invoked"}}
{"recorder_version":"39","session":"6291935a4cdd","build":"201.6668.121","bucket":"109","time":1608979557911,"group":{"id":"settings","version":"4"},"event":{"state":true,"data":{"component":"VcsApplicationSettings","created":1608979557922},"id":"invoked"}}
{"recorder_version":"39","session":"6291935a4cdd","build":"201.6668.121","bucket":"109","time":1608979560678,"group":{"id":"lifecycle","version":"39"},"event":{"count":1,"data":{"created":1608979560678,"project":"42b74e951dd17c4a54593f8be1d7961fb0ac3b0a0f9d9b1bf573db967555b734"},"id":"project.opened"}}
{"recorder_version":"39","session":"6291935a4cdd","build":"201.6668.121","bucket":"109","time":1608979562237,"group":{"id":"indexing","version":"2"},"event":{"count":1,"data":{"ide_activity_id":1,"created":1608979562238,"project":"42b74e951dd17c4a54593f8be1d7961fb0ac3b0a0f9d9b1bf573db967555b734"},"id":"started"}}
{"recorder_version":"39","session":"6291935a4cdd","build":"201.6668.121","bucket":"109","time":1608979562240,"group":{"id":"indexing","version":"2"},"event":{"count":1,"data":{"ide_activity_id":1,"stage_class":"com.intellij.util.indexing.UnindexedFilesUpdater","created":1608979562241,"plugin_type":"PLATFORM"},"id":"stage"}}
{"recorder_version":"39","session":"6291935a4cdd","build":"201.6668.121","bucket":"109","time":1608979563924,"group":{"id":"file.types.usage","version":"39"},"event":{"count":1,"data":{"file_path":"9afb07323c35bd971b6d8702ad5275fde77cb79f7defdc8d08c3130705487bc0","plugin_version":"201.6668.121","plugin":"com.intellij.properties","file_type":"Properties","created":1608979563933,"plugin_type":"JB_BUNDLED","project":"42b74e951dd17c4a54593f8be1d7961fb0ac3b0a0f9d9b1bf573db967555b734"},"id":"select"}}
{"recorder_version":"39","session":"6291935a4cdd","build":"201.6668.121","bucket":"109","time":1608979563941,"group":{"id":"file.types.usage","version":"39"},"event":{"count":1,"data":{"file_path":"9afb07323c35bd971b6d8702ad5275fde77cb79f7defdc8d08c3130705487bc0","plugin_version":"201.6668.121","plugin":"com.intellij.properties","file_type":"Properties","created":1608979563942,"plugin_type":"JB_BUNDLED","project":"42b74e951dd17c4a54593f8be1d7961fb0ac3b0a0f9d9b1bf573db967555b734"},"id":"open"}}
{"recorder_version":"39","session":"6291935a4cdd","build":"201.6668.121","bucket":"109","time":1608979564934,"group":{"id":"project.fs","version":"1"},"event":{"state":true,"data":{"cs-project":false,"created":1608979564938,"project":"42b74e951dd17c4a54593f8be1d7961fb0ac3b0a0f9d9b1bf573db967555b734","cs-implicit":true,"cs-system":false},"id":"case-sensitivity"}}
{"recorder_version":"39","session":"6291935a4cdd","build":"201.6668.121","bucket":"109","time":1608979564934,"group":{"id":"project.fs","version":"1"},"event":{"state":true,"data":{"created":1608979564938},"id":"invoked"}}
{"recorder_version":"39","session":"6291935a4cdd","build":"201.6668.121","bucket":"109","time":1608979564942,"group":{"id":"project.fs","version":"1"},"event":{"state":true,"data":{"pct-non-watched":0,"created":1608979564942,"project":"42b74e951dd17c4a54593f8be1d7961fb0ac3b0a0f9d9b1bf573db967555b734"},"id":"roots-watched"}}
{"recorder_version":"39","session":"6291935a4cdd","build":"201.6668.121","bucket":"109","time":1608979564942,"group":{"id":"project.fs","version":"1"},"event":{"state":true,"data":{"created":1608979564942},"id":"invoked"}}
{"recorder_version":"39","session":"6291935a4cdd","build":"201.6668.121","bucket":"109","time":1608979565139,"group":{"id":"project.import","version":"2"},"event":{"count":1,"data":{"plugin_version":"201.6668.121","ide_activity_id":2,"plugin":"org.jetbrains.idea.maven","system_id":"undefined.system","created":1608979565143,"task_class":"org.jetbrains.idea.maven.project.MavenProjectsProcessorReadingTask","plugin_type":"JB_BUNDLED","project":"42b74e951dd17c4a54593f8be1d7961fb0ac3b0a0f9d9b1bf573db967555b734"},"id":"started"}}
{"recorder_version":"39","session":"6291935a4cdd","build":"201.6668.121","bucket":"109","time":1608979565403,"group":{"id":"project.import","version":"2"},"event":{"count":1,"data":{"duration_ms":264,"ide_activity_id":2,"created":1608979565417},"id":"finished"}}
{"recorder_version":"39","session":"6291935a4cdd","build":"201.6668.121","bucket":"109","time":1608979565669,"group":{"id":"ui.dialogs","version":"39"},"event":{"count":1,"data":{"code":1,"created":1608979565684,"plugin_type":"PLATFORM","dialog_class":"com.intellij.openapi.progress.util.ProgressDialog$MyDialogWrapper"},"id":"close"}}
{"recorder_version":"39","session":"6291935a4cdd","build":"201.6668.121","bucket":"109","time":1608979565721,"group":{"id":"vfs","version":"2"},"event":{"count":1,"data":{"duration_ms":7673,"finish_time_ms":1608979565719,"created":1608979565728,"start_time_ms":1608979558046},"id":"refreshed"}}
{"recorder_version":"39","session":"6291935a4cdd","build":"201.6668.121","bucket":"109","time":1608979566152,"group":{"id":"lifecycle","version":"39"},"event":{"count":1,"data":{"duration_ms":9338,"created":1608979566170,"project":"42b74e951dd17c4a54593f8be1d7961fb0ac3b0a0f9d9b1bf573db967555b734"},"id":"project.opening.finished"}}
{"recorder_version":"39","session":"6291935a4cdd","build":"201.6668.121","bucket":"109","time":1608979571870,"group":{"id":"indexing","version":"2"},"event":{"count":1,"data":{"duration_ms":9633,"ide_activity_id":1,"created":1608979571870},"id":"finished"}}
{"recorder_version":"39","session":"6291935a4cdd","build":"201.6668.121","bucket":"109","time":1608979573004,"group":{"id":"indexing","version":"2"},"event":{"count":1,"data":{"ide_activity_id":3,"created":1608979573044,"project":"42b74e951dd17c4a54593f8be1d7961fb0ac3b0a0f9d9b1bf573db967555b734"},"id":"started"}}
{"recorder_version":"39","session":"6291935a4cdd","build":"201.6668.121","bucket":"109","time":1608979573044,"group":{"id":"indexing","version":"2"},"event":{"count":1,"data":{"plugin_version":"10.3.6_RC_1","ide_activity_id":3,"plugin":"org.jetbrains.android","stage_class":"com.android.tools.idea.res.ResourceFolderRepositoryFileCacheImpl$PruneTask","created":1608979573099,"plugin_type":"JB_BUNDLED"},"id":"stage"}}
{"recorder_version":"39","session":"6291935a4cdd","build":"201.6668.121","bucket":"109","time":1608979573126,"group":{"id":"indexing","version":"2"},"event":{"count":1,"data":{"plugin_version":"10.3.6_RC_1","ide_activity_id":3,"plugin":"org.jetbrains.android","stage_class":"com.android.tools.idea.res.ResourceFolderRepositoryFileCacheImpl$ManageLruProjectFilesTask","created":1608979573131,"plugin_type":"JB_BUNDLED"},"id":"stage"}}
{"recorder_version":"39","session":"6291935a4cdd","build":"201.6668.121","bucket":"109","time":1608979573446,"group":{"id":"indexing","version":"2"},"event":{"count":1,"data":{"duration_ms":442,"ide_activity_id":3,"created":1608979573446},"id":"finished"}}
{"recorder_version":"39","session":"6291935a4cdd","build":"201.6668.121","bucket":"109","time":1608979573780,"group":{"id":"indexing","version":"2"},"event":{"count":1,"data":{"ide_activity_id":4,"created":1608979573785,"project":"42b74e951dd17c4a54593f8be1d7961fb0ac3b0a0f9d9b1bf573db967555b734"},"id":"started"}}
{"recorder_version":"39","session":"6291935a4cdd","build":"201.6668.121","bucket":"109","time":1608979573787,"group":{"id":"indexing","version":"2"},"event":{"count":1,"data":{"plugin_version":"10.3.6_RC_1","ide_activity_id":4,"plugin":"org.jetbrains.android","stage_class":"com.android.tools.idea.res.ResourceFolderRegistry$PopulateCachesTask","created":1608979573815,"plugin_type":"JB_BUNDLED"},"id":"stage"}}
{"recorder_version":"39","session":"6291935a4cdd","build":"201.6668.121","bucket":"109","time":1608979573817,"group":{"id":"indexing","version":"2"},"event":{"count":1,"data":{"duration_ms":37,"ide_activity_id":4,"created":1608979573822},"id":"finished"}}
{"recorder_version":"39","session":"6291935a4cdd","build":"201.6668.121","bucket":"109","time":1608979576187,"group":{"id":"lifecycle","version":"39"},"event":{"count":1,"data":{"created":1608979576187,"project":"42b74e951dd17c4a54593f8be1d7961fb0ac3b0a0f9d9b1bf573db967555b734"},"id":"frame.activated"}}
{"recorder_version":"39","session":"6291935a4cdd","build":"201.6668.121","bucket":"109","time":1608979576354,"group":{"id":"toolwindow","version":"39"},"event":{"count":1,"data":{"ViewMode":"DockPinned","created":1608979576373,"plugin_type":"PLATFORM","id":"Project","Location":"Left_Top"},"id":"activated"}}
{"recorder_version":"39","session":"6291935a4cdd","build":"201.6668.121","bucket":"109","time":1608979578539,"group":{"id":"actions","version":"39"},"event":{"count":1,"data":{"context_menu":true,"current_file":"JAVA","action_id":"third.party","created":1608979578542,"plugin_type":"NOT_LISTED","project":"42b74e951dd17c4a54593f8be1d7961fb0ac3b0a0f9d9b1bf573db967555b734","place":"MainMenu","class":"third.party","input_event":"MouseLeft"},"id":"action.invoked"}}
{"recorder_version":"39","session":"6291935a4cdd","build":"201.6668.121","bucket":"109","time":1608979586641,"group":{"id":"toolwindow","version":"39"},"event":{"count":1,"data":{"ViewMode":"DockPinned","created":1608979586641,"plugin_type":"PLATFORM","id":"Project","Location":"Left_Top"},"id":"activated"}}
{"recorder_version":"39","session":"6291935a4cdd","build":"201.6668.121","bucket":"109","time":1608979586653,"group":{"id":"lifecycle","version":"39"},"event":{"count":1,"data":{"created":1608979586654,"project":"42b74e951dd17c4a54593f8be1d7961fb0ac3b0a0f9d9b1bf573db967555b734"},"id":"frame.deactivated"}}
{"recorder_version":"39","session":"6291935a4cdd","build":"201.6668.121","bucket":"109","time":1608979587155,"group":{"id":"lifecycle","version":"39"},"event":{"count":1,"data":{"created":1608979587155,"project":"42b74e951dd17c4a54593f8be1d7961fb0ac3b0a0f9d9b1bf573db967555b734"},"id":"frame.activated"}}
{"recorder_version":"39","session":"6291935a4cdd","build":"201.6668.121","bucket":"109","time":1608979587212,"group":{"id":"toolwindow","version":"39"},"event":{"count":1,"data":{"ViewMode":"DockPinned","created":1608979587213,"plugin_type":"PLATFORM","id":"Project","Location":"Left_Top"},"id":"activated"}}
{"recorder_version":"39","session":"6291935a4cdd","build":"201.6668.121","bucket":"109","time":1608979587215,"group":{"id":"lifecycle","version":"39"},"event":{"count":1,"data":{"created":1608979587215,"project":"42b74e951dd17c4a54593f8be1d7961fb0ac3b0a0f9d9b1bf573db967555b734"},"id":"frame.deactivated"}}
{"recorder_version":"39","session":"6291935a4cdd","build":"201.6668.121","bucket":"109","time":1608979587219,"group":{"id":"lifecycle","version":"39"},"event":{"count":1,"data":{"created":1608979587220,"project":"42b74e951dd17c4a54593f8be1d7961fb0ac3b0a0f9d9b1bf573db967555b734"},"id":"frame.activated"}}
{"recorder_version":"39","session":"6291935a4cdd","build":"201.6668.121","bucket":"109","time":1608979587247,"group":{"id":"toolwindow","version":"39"},"event":{"count":1,"data":{"ViewMode":"DockPinned","created":1608979587319,"plugin_type":"PLATFORM","id":"Project","Location":"Left_Top"},"id":"activated"}}
{"recorder_version":"39","session":"6291935a4cdd","build":"201.6668.121","bucket":"109","time":1608979587616,"group":{"id":"lifecycle","version":"39"},"event":{"count":1,"data":{"created":1608979587616,"project":"42b74e951dd17c4a54593f8be1d7961fb0ac3b0a0f9d9b1bf573db967555b734"},"id":"frame.deactivated"}}
{"recorder_version":"39","session":"6291935a4cdd","build":"201.6668.121","bucket":"109","time":1608979588349,"group":{"id":"lifecycle","version":"39"},"event":{"count":1,"data":{"created":1608979588362,"project":"42b74e951dd17c4a54593f8be1d7961fb0ac3b0a0f9d9b1bf573db967555b734"},"id":"frame.activated"}}
{"recorder_version":"39","session":"6291935a4cdd","build":"201.6668.121","bucket":"109","time":1608979588400,"group":{"id":"toolwindow","version":"39"},"event":{"count":1,"data":{"ViewMode":"DockPinned","created":1608979588406,"plugin_type":"PLATFORM","id":"Project","Location":"Left_Top"},"id":"activated"}}
{"recorder_version":"39","session":"6291935a4cdd","build":"201.6668.121","bucket":"109","time":1608979590970,"group":{"id":"lifecycle","version":"39"},"event":{"count":1,"data":{"created":1608979590970,"project":"42b74e951dd17c4a54593f8be1d7961fb0ac3b0a0f9d9b1bf573db967555b734"},"id":"frame.deactivated"}}
{"recorder_version":"39","session":"6291935a4cdd","build":"201.6668.121","bucket":"109","time":1608979626561,"group":{"id":"lifecycle","version":"39"},"event":{"count":1,"data":{"created":1608979626563,"project":"42b74e951dd17c4a54593f8be1d7961fb0ac3b0a0f9d9b1bf573db967555b734"},"id":"frame.activated"}}
{"recorder_version":"39","session":"6291935a4cdd","build":"201.6668.121","bucket":"109","time":1608979626577,"group":{"id":"toolwindow","version":"39"},"event":{"count":1,"data":{"ViewMode":"DockPinned","created":1608979626578,"plugin_type":"PLATFORM","id":"Project","Location":"Left_Top"},"id":"activated"}}
{"recorder_version":"39","session":"6291935a4cdd","build":"201.6668.121","bucket":"109","time":1608979627170,"group":{"id":"lifecycle","version":"39"},"event":{"count":1,"data":{"created":1608979627170,"project":"42b74e951dd17c4a54593f8be1d7961fb0ac3b0a0f9d9b1bf573db967555b734"},"id":"frame.deactivated"}}
{"recorder_version":"39","session":"6291935a4cdd","build":"201.6668.121","bucket":"109","time":1608979629199,"group":{"id":"lifecycle","version":"39"},"event":{"count":1,"data":{"created":1608979629201,"project":"42b74e951dd17c4a54593f8be1d7961fb0ac3b0a0f9d9b1bf573db967555b734"},"id":"frame.activated"}}
{"recorder_version":"39","session":"6291935a4cdd","build":"201.6668.121","bucket":"109","time":1608979629223,"group":{"id":"toolwindow","version":"39"},"event":{"count":1,"data":{"ViewMode":"DockPinned","created":1608979629223,"plugin_type":"PLATFORM","id":"Project","Location":"Left_Top"},"id":"activated"}}
{"recorder_version":"39","session":"6291935a4cdd","build":"201.6668.121","bucket":"109","time":1608979631051,"group":{"id":"lifecycle","version":"39"},"event":{"count":1,"data":{"created":1608979631051,"project":"42b74e951dd17c4a54593f8be1d7961fb0ac3b0a0f9d9b1bf573db967555b734"},"id":"frame.deactivated"}}
{"recorder_version":"39","session":"6291935a4cdd","build":"201.6668.121","bucket":"109","time":1608979657477,"group":{"id":"performance","version":"39"},"event":{"count":1,"data":{"duration_ms":0,"created":1608979657477},"id":"ui.latency"}}
{"recorder_version":"39","session":"6291935a4cdd","build":"201.6668.121","bucket":"109","time":1608979660984,"group":{"id":"lifecycle","version":"39"},"event":{"count":1,"data":{"created":1608979660984,"project":"42b74e951dd17c4a54593f8be1d7961fb0ac3b0a0f9d9b1bf573db967555b734"},"id":"frame.activated"}}
{"recorder_version":"39","session":"6291935a4cdd","build":"201.6668.121","bucket":"109","time":1608979660997,"group":{"id":"toolwindow","version":"39"},"event":{"count":1,"data":{"ViewMode":"DockPinned","created":1608979661000,"plugin_type":"PLATFORM","id":"Project","Location":"Left_Top"},"id":"activated"}}
{"recorder_version":"39","session":"6291935a4cdd","build":"201.6668.121","bucket":"109","time":1608979662417,"group":{"id":"actions","version":"39"},"event":{"count":1,"data":{"context_menu":true,"current_file":"JAVA","action_id":"third.party","created":1608979662418,"plugin_type":"NOT_LISTED","project":"42b74e951dd17c4a54593f8be1d7961fb0ac3b0a0f9d9b1bf573db967555b734","place":"MainMenu","class":"third.party","input_event":"MouseLeft"},"id":"action.invoked"}}
{"recorder_version":"39","session":"6291935a4cdd","build":"201.6668.121","bucket":"109","time":1608979712509,"group":{"id":"toolwindow","version":"39"},"event":{"count":1,"data":{"ViewMode":"DockPinned","created":1608979712511,"plugin_type":"PLATFORM","id":"Project","Location":"Left_Top"},"id":"activated"}}
{"recorder_version":"39","session":"6291935a4cdd","build":"201.6668.121","bucket":"109","time":1608979712517,"group":{"id":"lifecycle","version":"39"},"event":{"count":1,"data":{"created":1608979712518,"project":"42b74e951dd17c4a54593f8be1d7961fb0ac3b0a0f9d9b1bf573db967555b734"},"id":"frame.deactivated"}}
{"recorder_version":"39","session":"6291935a4cdd","build":"201.6668.121","bucket":"109","time":1608979742552,"group":{"id":"lifecycle","version":"39"},"event":{"count":1,"data":{"created":1608979742553,"project":"42b74e951dd17c4a54593f8be1d7961fb0ac3b0a0f9d9b1bf573db967555b734"},"id":"frame.activated"}}
{"recorder_version":"39","session":"6291935a4cdd","build":"201.6668.121","bucket":"109","time":1608979742568,"group":{"id":"toolwindow","version":"39"},"event":{"count":1,"data":{"ViewMode":"DockPinned","created":1608979742568,"plugin_type":"PLATFORM","id":"Project","Location":"Left_Top"},"id":"activated"}}
{"recorder_version":"39","session":"6291935a4cdd","build":"201.6668.121","bucket":"109","time":1608979744139,"group":{"id":"actions","version":"39"},"event":{"count":1,"data":{"context_menu":true,"current_file":"JAVA","action_id":"third.party","created":1608979744139,"plugin_type":"NOT_LISTED","project":"42b74e951dd17c4a54593f8be1d7961fb0ac3b0a0f9d9b1bf573db967555b734","place":"MainMenu","class":"third.party","input_event":"MouseLeft"},"id":"action.invoked"}}
{"recorder_version":"39","session":"6291935a4cdd","build":"201.6668.121","bucket":"109","time":1608979749007,"group":{"id":"toolwindow","version":"39"},"event":{"count":1,"data":{"ViewMode":"DockPinned","created":1608979749007,"plugin_type":"PLATFORM","id":"Project","Location":"Left_Top"},"id":"activated"}}
{"recorder_version":"39","session":"6291935a4cdd","build":"201.6668.121","bucket":"109","time":1608979749012,"group":{"id":"lifecycle","version":"39"},"event":{"count":1,"data":{"created":1608979749012,"project":"42b74e951dd17c4a54593f8be1d7961fb0ac3b0a0f9d9b1bf573db967555b734"},"id":"frame.deactivated"}}
{"recorder_version":"39","session":"6291935a4cdd","build":"201.6668.121","bucket":"109","time":1608979750832,"group":{"id":"lifecycle","version":"39"},"event":{"count":1,"data":{"created":1608979750832,"project":"42b74e951dd17c4a54593f8be1d7961fb0ac3b0a0f9d9b1bf573db967555b734"},"id":"frame.activated"}}
{"recorder_version":"39","session":"6291935a4cdd","build":"201.6668.121","bucket":"109","time":1608979750846,"group":{"id":"toolwindow","version":"39"},"event":{"count":1,"data":{"ViewMode":"DockPinned","created":1608979750847,"plugin_type":"PLATFORM","id":"Project","Location":"Left_Top"},"id":"activated"}}
{"recorder_version":"39","session":"6291935a4cdd","build":"201.6668.121","bucket":"109","time":1608979751886,"group":{"id":"lifecycle","version":"39"},"event":{"count":1,"data":{"created":1608979751886,"project":"42b74e951dd17c4a54593f8be1d7961fb0ac3b0a0f9d9b1bf573db967555b734"},"id":"frame.deactivated"}}
{"recorder_version":"39","session":"6291935a4cdd","build":"201.6668.121","bucket":"109","time":1608979757529,"group":{"id":"performance","version":"39"},"event":{"count":1,"data":{"duration_ms":0,"created":1608979757529},"id":"ui.latency"}}
{"recorder_version":"39","session":"6291935a4cdd","build":"201.6668.121","bucket":"109","time":1608979767054,"group":{"id":"lifecycle","version":"39"},"event":{"count":1,"data":{"created":1608979767056,"project":"42b74e951dd17c4a54593f8be1d7961fb0ac3b0a0f9d9b1bf573db967555b734"},"id":"frame.activated"}}
{"recorder_version":"39","session":"6291935a4cdd","build":"201.6668.121","bucket":"109","time":1608979767072,"group":{"id":"toolwindow","version":"39"},"event":{"count":1,"data":{"ViewMode":"DockPinned","created":1608979767072,"plugin_type":"PLATFORM","id":"Project","Location":"Left_Top"},"id":"activated"}}
{"recorder_version":"39","session":"6291935a4cdd","build":"201.6668.121","bucket":"109","time":1608979768481,"group":{"id":"actions","version":"39"},"event":{"count":1,"data":{"context_menu":true,"current_file":"JAVA","action_id":"third.party","created":1608979768482,"plugin_type":"NOT_LISTED","project":"42b74e951dd17c4a54593f8be1d7961fb0ac3b0a0f9d9b1bf573db967555b734","place":"MainMenu","class":"third.party","input_event":"MouseLeft"},"id":"action.invoked"}}
{"recorder_version":"39","session":"6291935a4cdd","build":"201.6668.121","bucket":"109","time":1608979843034,"group":{"id":"toolwindow","version":"39"},"event":{"count":1,"data":{"ViewMode":"DockPinned","created":1608979843034,"plugin_type":"PLATFORM","id":"Project","Location":"Left_Top"},"id":"activated"}}
{"recorder_version":"39","session":"6291935a4cdd","build":"201.6668.121","bucket":"109","time":1608979843040,"group":{"id":"lifecycle","version":"39"},"event":{"count":1,"data":{"created":1608979843041,"project":"42b74e951dd17c4a54593f8be1d7961fb0ac3b0a0f9d9b1bf573db967555b734"},"id":"frame.deactivated"}}
{"recorder_version":"39","session":"6291935a4cdd","build":"201.6668.121","bucket":"109","time":1608979843048,"group":{"id":"lifecycle","version":"39"},"event":{"count":1,"data":{"created":1608979843048,"project":"42b74e951dd17c4a54593f8be1d7961fb0ac3b0a0f9d9b1bf573db967555b734"},"id":"frame.activated"}}
{"recorder_version":"39","session":"6291935a4cdd","build":"201.6668.121","bucket":"109","time":1608979843063,"group":{"id":"toolwindow","version":"39"},"event":{"count":1,"data":{"ViewMode":"DockPinned","created":1608979843064,"plugin_type":"PLATFORM","id":"Project","Location":"Left_Top"},"id":"activated"}}
{"recorder_version":"39","session":"6291935a4cdd","build":"201.6668.121","bucket":"109","time":1608979844338,"group":{"id":"actions","version":"39"},"event":{"count":1,"data":{"context_menu":true,"current_file":"JAVA","action_id":"third.party","created":1608979844338,"plugin_type":"NOT_LISTED","project":"42b74e951dd17c4a54593f8be1d7961fb0ac3b0a0f9d9b1bf573db967555b734","place":"MainMenu","class":"third.party","input_event":"MouseLeft"},"id":"action.invoked"}}
{"recorder_version":"39","session":"6291935a4cdd","build":"201.6668.121","bucket":"109","time":1608979950054,"group":{"id":"kotlin.ide.j2k","version":"1"},"event":{"count":1,"data":{"created":1608979950057},"id":"registered"}}
{"recorder_version":"39","session":"6291935a4cdd","build":"201.6668.121","bucket":"109","time":1608979950054,"group":{"id":"java.find.usages","version":"1"},"event":{"count":1,"data":{"created":1608979950057},"id":"registered"}}
{"recorder_version":"39","session":"6291935a4cdd","build":"201.6668.121","bucket":"109","time":1608979950054,"group":{"id":"file.types.usage","version":"39"},"event":{"count":1,"data":{"created":1608979950057},"id":"registered"}}
{"recorder_version":"39","session":"6291935a4cdd","build":"201.6668.121","bucket":"109","time":1608979950054,"group":{"id":"ide.script.engine","version":"2"},"event":{"count":1,"data":{"created":1608979950057},"id":"registered"}}
{"recorder_version":"39","session":"6291935a4cdd","build":"201.6668.121","bucket":"109","time":1608979950054,"group":{"id":"live.templates","version":"39"},"event":{"count":1,"data":{"created":1608979950057},"id":"registered"}}
{"recorder_version":"39","session":"6291935a4cdd","build":"201.6668.121","bucket":"109","time":1608979950054,"group":{"id":"ide.self.update","version":"2"},"event":{"count":1,"data":{"created":1608979950057},"id":"registered"}}
{"recorder_version":"39","session":"6291935a4cdd","build":"201.6668.121","bucket":"109","time":1608979950054,"group":{"id":"lifecycle","version":"39"},"event":{"count":1,"data":{"created":1608979950057},"id":"registered"}}
{"recorder_version":"39","session":"6291935a4cdd","build":"201.6668.121","bucket":"109","time":1608979950054,"group":{"id":"vcs.diff.trigger","version":"1"},"event":{"count":1,"data":{"created":1608979950057},"id":"registered"}}
{"recorder_version":"39","session":"6291935a4cdd","build":"201.6668.121","bucket":"109","time":1608979950054,"group":{"id":"debugger.breakpoints.usage","version":"2"},"event":{"count":1,"data":{"created":1608979950057},"id":"registered"}}
{"recorder_version":"39","session":"6291935a4cdd","build":"201.6668.121","bucket":"109","time":1608979950054,"group":{"id":"kotlin.gradle.library","version":"1"},"event":{"count":1,"data":{"created":1608979950058},"id":"registered"}}
{"recorder_version":"39","session":"6291935a4cdd","build":"201.6668.121","bucket":"109","time":1608979950054,"group":{"id":"startup","version":"1"},"event":{"count":1,"data":{"created":1608979950060},"id":"registered"}}
{"recorder_version":"39","session":"6291935a4cdd","build":"201.6668.121","bucket":"109","time":1608979950054,"group":{"id":"find","version":"3"},"event":{"count":1,"data":{"created":1608979954994},"id":"registered"}}
{"recorder_version":"39","session":"6291935a4cdd","build":"201.6668.121","bucket":"109","time":1608979950054,"group":{"id":"kotlin.gradle.target","version":"2"},"event":{"count":1,"data":{"created":1608979955003},"id":"registered"}}
{"recorder_version":"39","session":"6291935a4cdd","build":"201.6668.121","bucket":"109","time":1608979950054,"group":{"id":"gutter.icon.click","version":"2"},"event":{"count":1,"data":{"created":1608979955003},"id":"registered"}}
{"recorder_version":"39","session":"6291935a4cdd","build":"201.6668.121","bucket":"109","time":1608979950055,"group":{"id":"shell.script","version":"1"},"event":{"count":1,"data":{"created":1608979955003},"id":"registered"}}
{"recorder_version":"39","session":"6291935a4cdd","build":"201.6668.121","bucket":"109","time":1608979950055,"group":{"id":"intellij.cds","version":"2"},"event":{"count":1,"data":{"created":1608979955003},"id":"registered"}}
{"recorder_version":"39","session":"6291935a4cdd","build":"201.6668.121","bucket":"109","time":1608979950055,"group":{"id":"new.project.wizard","version":"1"},"event":{"count":1,"data":{"created":1608979955003},"id":"registered"}}
{"recorder_version":"39","session":"6291935a4cdd","build":"201.6668.121","bucket":"109","time":1608979950055,"group":{"id":"kotlin.ide.npwizards","version":"1"},"event":{"count":1,"data":{"created":1608979955003},"id":"registered"}}
{"recorder_version":"39","session":"6291935a4cdd","build":"201.6668.121","bucket":"109","time":1608979950055,"group":{"id":"intentions","version":"39"},"event":{"count":1,"data":{"created":1608979955003},"id":"registered"}}
{"recorder_version":"39","session":"6291935a4cdd","build":"201.6668.121","bucket":"109","time":1608979950055,"group":{"id":"settings.repository","version":"1"},"event":{"count":1,"data":{"created":1608979955003},"id":"registered"}}
{"recorder_version":"39","session":"6291935a4cdd","build":"201.6668.121","bucket":"109","time":1608979950055,"group":{"id":"vcs.change.reminder","version":"2"},"event":{"count":1,"data":{"created":1608979955004},"id":"registered"}}
{"recorder_version":"39","session":"6291935a4cdd","build":"201.6668.121","bucket":"109","time":1608979950055,"group":{"id":"create.directory.dialog","version":"1"},"event":{"count":1,"data":{"created":1608979955004},"id":"registered"}}
{"recorder_version":"39","session":"6291935a4cdd","build":"201.6668.121","bucket":"109","time":1608979950055,"group":{"id":"kotlin.maven.target","version":"3"},"event":{"count":1,"data":{"created":1608979955004},"id":"registered"}}
{"recorder_version":"39","session":"6291935a4cdd","build":"201.6668.121","bucket":"109","time":1608979950055,"group":{"id":"grazie.count","version":"1"},"event":{"count":1,"data":{"created":1608979955004},"id":"registered"}}
{"recorder_version":"39","session":"6291935a4cdd","build":"201.6668.121","bucket":"109","time":1608979950055,"group":{"id":"json.schema","version":"1"},"event":{"count":1,"data":{"created":1608979955005},"id":"registered"}}
{"recorder_version":"39","session":"6291935a4cdd","build":"201.6668.121","bucket":"109","time":1608979950055,"group":{"id":"terminalShell","version":"2"},"event":{"count":1,"data":{"created":1608979955005},"id":"registered"}}
{"recorder_version":"39","session":"6291935a4cdd","build":"201.6668.121","bucket":"109","time":1608979950055,"group":{"id":"rename.refactoring","version":"2"},"event":{"count":1,"data":{"created":1608979955005},"id":"registered"}}
{"recorder_version":"39","session":"6291935a4cdd","build":"201.6668.121","bucket":"109","time":1608979950055,"group":{"id":"build.ant.actions","version":"1"},"event":{"count":1,"data":{"created":1608979955005},"id":"registered"}}
{"recorder_version":"39","session":"6291935a4cdd","build":"201.6668.121","bucket":"109","time":1608979950055,"group":{"id":"actions","version":"39"},"event":{"count":1,"data":{"created":1608979955005},"id":"registered"}}
{"recorder_version":"39","session":"6291935a4cdd","build":"201.6668.121","bucket":"109","time":1608979950055,"group":{"id":"kotlin.ide.editor","version":"1"},"event":{"count":1,"data":{"created":1608979955005},"id":"registered"}}
{"recorder_version":"39","session":"6291935a4cdd","build":"201.6668.121","bucket":"109","time":1608979950055,"group":{"id":"event.log","version":"39"},"event":{"count":1,"data":{"created":1608979955005},"id":"registered"}}
{"recorder_version":"39","session":"6291935a4cdd","build":"201.6668.121","bucket":"109","time":1608979950055,"group":{"id":"run.configuration.exec","version":"39"},"event":{"count":1,"data":{"created":1608979955005},"id":"registered"}}
{"recorder_version":"39","session":"6291935a4cdd","build":"201.6668.121","bucket":"109","time":1608979950055,"group":{"id":"package.management.ui","version":"1"},"event":{"count":1,"data":{"created":1608979955005},"id":"registered"}}
{"recorder_version":"39","session":"6291935a4cdd","build":"201.6668.121","bucket":"109","time":1608979950055,"group":{"id":"build.tools.actions","version":"1"},"event":{"count":1,"data":{"created":1608979955005},"id":"registered"}}
{"recorder_version":"39","session":"6291935a4cdd","build":"201.6668.121","bucket":"109","time":1608979950055,"group":{"id":"file.editor","version":"2"},"event":{"count":1,"data":{"created":1608979955005},"id":"registered"}}
{"recorder_version":"39","session":"6291935a4cdd","build":"201.6668.121","bucket":"109","time":1608979950055,"group":{"id":"refactoring.dialog","version":"1"},"event":{"count":1,"data":{"created":1608979955005},"id":"registered"}}
{"recorder_version":"39","session":"6291935a4cdd","build":"201.6668.121","bucket":"109","time":1608979950055,"group":{"id":"vfs","version":"2"},"event":{"count":1,"data":{"created":1608979955005},"id":"registered"}}
{"recorder_version":"39","session":"6291935a4cdd","build":"201.6668.121","bucket":"109","time":1608979950055,"group":{"id":"java.lens","version":"1"},"event":{"count":1,"data":{"created":1608979955005},"id":"registered"}}
{"recorder_version":"39","session":"6291935a4cdd","build":"201.6668.121","bucket":"109","time":1608979950055,"group":{"id":"project.import","version":"2"},"event":{"count":1,"data":{"created":1608979955005},"id":"registered"}}
{"recorder_version":"39","session":"6291935a4cdd","build":"201.6668.121","bucket":"109","time":1608979950055,"group":{"id":"actions.runAnything","version":"1"},"event":{"count":1,"data":{"created":1608979955005},"id":"registered"}}
{"recorder_version":"39","session":"6291935a4cdd","build":"201.6668.121","bucket":"109","time":1608979950056,"group":{"id":"toolwindow","version":"39"},"event":{"count":1,"data":{"created":1608979955005},"id":"registered"}}
{"recorder_version":"39","session":"6291935a4cdd","build":"201.6668.121","bucket":"109","time":1608979950056,"group":{"id":"kotlin.ide.newFileTempl","version":"1"},"event":{"count":1,"data":{"created":1608979955005},"id":"registered"}}
{"recorder_version":"39","session":"6291935a4cdd","build":"201.6668.121","bucket":"109","time":1608979950056,"group":{"id":"ui.settings","version":"39"},"event":{"count":1,"data":{"created":1608979955005},"id":"registered"}}
{"recorder_version":"39","session":"6291935a4cdd","build":"201.6668.121","bucket":"109","time":1608979950056,"group":{"id":"plugins.dynamic","version":"1"},"event":{"count":1,"data":{"created":1608979955006},"id":"registered"}}
{"recorder_version":"39","session":"6291935a4cdd","build":"201.6668.121","bucket":"109","time":1608979950056,"group":{"id":"file.prediction","version":"3"},"event":{"count":1,"data":{"created":1608979955007},"id":"registered"}}
{"recorder_version":"39","session":"6291935a4cdd","build":"201.6668.121","bucket":"109","time":1608979950056,"group":{"id":"vcs.log.trigger","version":"2"},"event":{"count":1,"data":{"created":1608979955007},"id":"registered"}}
{"recorder_version":"39","session":"6291935a4cdd","build":"201.6668.121","bucket":"109","time":1608979950056,"group":{"id":"productivity","version":"39"},"event":{"count":1,"data":{"created":1608979955007},"id":"registered"}}
{"recorder_version":"39","session":"6291935a4cdd","build":"201.6668.121","bucket":"109","time":1608979950056,"group":{"id":"suggested.refactorings","version":"1"},"event":{"count":1,"data":{"created":1608979955007},"id":"registered"}}
{"recorder_version":"39","session":"6291935a4cdd","build":"201.6668.121","bucket":"109","time":1608979950056,"group":{"id":"kotlin.ide.new.wizard","version":"1"},"event":{"count":1,"data":{"created":1608979955007},"id":"registered"}}
{"recorder_version":"39","session":"6291935a4cdd","build":"201.6668.121","bucket":"109","time":1608979950056,"group":{"id":"build.maven.actions","version":"1"},"event":{"count":1,"data":{"created":1608979955007},"id":"registered"}}
{"recorder_version":"39","session":"6291935a4cdd","build":"201.6668.121","bucket":"109","time":1608979950056,"group":{"id":"ui.event","version":"6"},"event":{"count":1,"data":{"created":1608979955007},"id":"registered"}}
{"recorder_version":"39","session":"6291935a4cdd","build":"201.6668.121","bucket":"109","time":1608979950056,"group":{"id":"plugins.advertiser","version":"1"},"event":{"count":1,"data":{"created":1608979955007},"id":"registered"}}
{"recorder_version":"39","session":"6291935a4cdd","build":"201.6668.121","bucket":"109","time":1608979950056,"group":{"id":"editor.notification.panel","version":"1"},"event":{"count":1,"data":{"created":1608979955007},"id":"registered"}}
{"recorder_version":"39","session":"6291935a4cdd","build":"201.6668.121","bucket":"109","time":1608979950056,"group":{"id":"kotlin.ide.debugger","version":"2"},"event":{"count":1,"data":{"created":1608979955007},"id":"registered"}}
{"recorder_version":"39","session":"6291935a4cdd","build":"201.6668.121","bucket":"109","time":1608979950056,"group":{"id":"tooltip.action.events","version":"1"},"event":{"count":1,"data":{"created":1608979955007},"id":"registered"}}
{"recorder_version":"39","session":"6291935a4cdd","build":"201.6668.121","bucket":"109","time":1608979950056,"group":{"id":"completion","version":"2"},"event":{"count":1,"data":{"created":1608979955007},"id":"registered"}}
{"recorder_version":"39","session":"6291935a4cdd","build":"201.6668.121","bucket":"109","time":1608979950056,"group":{"id":"indexing","version":"2"},"event":{"count":1,"data":{"created":1608979955007},"id":"registered"}}
{"recorder_version":"39","session":"6291935a4cdd","build":"201.6668.121","bucket":"109","time":1608979950056,"group":{"id":"vcs","version":"3"},"event":{"count":1,"data":{"created":1608979955007},"id":"registered"}}
{"recorder_version":"39","session":"6291935a4cdd","build":"201.6668.121","bucket":"109","time":1608979950056,"group":{"id":"ui.dialogs","version":"39"},"event":{"count":1,"data":{"created":1608979955007},"id":"registered"}}
{"recorder_version":"39","session":"6291935a4cdd","build":"201.6668.121","bucket":"109","time":1608979950056,"group":{"id":"vcs.back.forward.trigger","version":"1"},"event":{"count":1,"data":{"created":1608979955007},"id":"registered"}}
{"recorder_version":"39","session":"6291935a4cdd","build":"201.6668.121","bucket":"109","time":1608979950056,"group":{"id":"customize.wizard","version":"1"},"event":{"count":1,"data":{"created":1608979955007},"id":"registered"}}
{"recorder_version":"39","session":"6291935a4cdd","build":"201.6668.121","bucket":"109","time":1608979950056,"group":{"id":"ide.update.dialog","version":"1"},"event":{"count":1,"data":{"created":1608979955007},"id":"registered"}}
{"recorder_version":"39","session":"6291935a4cdd","build":"201.6668.121","bucket":"109","time":1608979950056,"group":{"id":"toolbar","version":"39"},"event":{"count":1,"data":{"created":1608979955007},"id":"registered"}}
{"recorder_version":"39","session":"6291935a4cdd","build":"201.6668.121","bucket":"109","time":1608979950056,"group":{"id":"build.gradle.actions","version":"1"},"event":{"count":1,"data":{"created":1608979955007},"id":"registered"}}
{"recorder_version":"39","session":"6291935a4cdd","build":"201.6668.121","bucket":"109","time":1608979950056,"group":{"id":"performance","version":"39"},"event":{"count":1,"data":{"created":1608979955011},"id":"registered"}}
{"recorder_version":"39","session":"6291935a4cdd","build":"201.6668.121","bucket":"109","time":1608979950056,"group":{"id":"build","version":"2"},"event":{"count":1,"data":{"created":1608979955011},"id":"registered"}}
{"recorder_version":"39","session":"6291935a4cdd","build":"201.6668.121","bucket":"109","time":1608979950056,"group":{"id":"searchEverywhere","version":"3"},"event":{"count":1,"data":{"created":1608979955011},"id":"registered"}}
{"recorder_version":"39","session":"6291935a4cdd","build":"201.6668.121","bucket":"109","time":1608979950056,"group":{"id":"kotlin.ide.action.refactoring","version":"1"},"event":{"count":1,"data":{"created":1608979955011},"id":"registered"}}
{"recorder_version":"39","session":"6291935a4cdd","build":"201.6668.121","bucket":"109","time":1608979950056,"group":{"id":"ui.tips","version":"3"},"event":{"count":1,"data":{"created":1608979955011},"id":"registered"}}
{"recorder_version":"39","session":"6291935a4cdd","build":"201.6668.121","bucket":"109","time":1608979950056,"group":{"id":"surround.with","version":"2"},"event":{"count":1,"data":{"created":1608979955011},"id":"registered"}}
{"recorder_version":"39","session":"6291935a4cdd","build":"201.6668.121","bucket":"109","time":1608979950056,"group":{"id":"import.old.config","version":"3"},"event":{"count":1,"data":{"created":1608979955011},"id":"registered"}}
{"recorder_version":"39","session":"6291935a4cdd","build":"201.6668.121","bucket":"109","time":1608979950056,"group":{"id":"kotlin.jps.target","version":"3"},"event":{"count":1,"data":{"created":1608979955011},"id":"registered"}}
{"recorder_version":"39","session":"6291935a4cdd","build":"201.6668.121","bucket":"109","time":1608979950056,"group":{"id":"completion.postfix","version":"39"},"event":{"count":1,"data":{"created":1608979955011},"id":"registered"}}
{"recorder_version":"39","session":"6291935a4cdd","build":"201.6668.121","bucket":"109","time":1608979950056,"group":{"id":"kotlin.gradle.performance","version":"1"},"event":{"count":1,"data":{"created":1608979955011},"id":"registered"}}
{"recorder_version":"39","session":"6291935a4cdd","build":"201.6668.121","bucket":"109","time":1608979950056,"group":{"id":"build.maven.packagesearch","version":"2"},"event":{"count":1,"data":{"created":1608979955011},"id":"registered"}}
{"recorder_version":"39","session":"6291935a4cdd","build":"201.6668.121","bucket":"109","time":1608979957327,"group":{"id":"event.log","version":"39"},"event":{"count":1,"data":{"total":1,"external":false,"created":1608979957328,"failed":0,"send":1},"id":"logs.send"}}
{"recorder_version":"39","session":"6291935a4cdd","build":"201.6668.121","bucket":"109","time":1608979959905,"group":{"id":"toolwindow","version":"39"},"event":{"count":1,"data":{"ViewMode":"DockPinned","created":1608979959924,"plugin_type":"PLATFORM","id":"Project","Location":"Left_Top"},"id":"activated"}}
{"recorder_version":"39","session":"6291935a4cdd","build":"201.6668.121","bucket":"109","time":1608979959918,"group":{"id":"performance","version":"39"},"event":{"count":1,"data":{"duration_ms":115439,"created":1608979959924},"id":"ui.latency"}}
{"recorder_version":"39","session":"6291935a4cdd","build":"201.6668.121","bucket":"109","time":1608979959924,"group":{"id":"lifecycle","version":"39"},"event":{"count":1,"data":{"created":1608979959924,"project":"42b74e951dd17c4a54593f8be1d7961fb0ac3b0a0f9d9b1bf573db967555b734"},"id":"frame.deactivated"}}
{"recorder_version":"39","session":"6291935a4cdd","build":"201.6668.121","bucket":"109","time":1608979959929,"group":{"id":"lifecycle","version":"39"},"event":{"count":1,"data":{"created":1608979959941,"project":"42b74e951dd17c4a54593f8be1d7961fb0ac3b0a0f9d9b1bf573db967555b734"},"id":"frame.activated"}}
{"recorder_version":"39","session":"6291935a4cdd","build":"201.6668.121","bucket":"109","time":1608979959932,"group":{"id":"lifecycle","version":"39"},"event":{"count":1,"data":{"created":1608979959941,"project":"42b74e951dd17c4a54593f8be1d7961fb0ac3b0a0f9d9b1bf573db967555b734"},"id":"frame.deactivated"}}
{"recorder_version":"39","session":"6291935a4cdd","build":"201.6668.121","bucket":"109","time":1608979967984,"group":{"id":"lifecycle","version":"39"},"event":{"count":1,"data":{"created":1608979967986,"project":"42b74e951dd17c4a54593f8be1d7961fb0ac3b0a0f9d9b1bf573db967555b734"},"id":"frame.activated"}}
{"recorder_version":"39","session":"6291935a4cdd","build":"201.6668.121","bucket":"109","time":1608979967996,"group":{"id":"toolwindow","version":"39"},"event":{"count":1,"data":{"ViewMode":"DockPinned","created":1608979967998,"plugin_type":"PLATFORM","id":"Project","Location":"Left_Top"},"id":"activated"}}
{"recorder_version":"39","session":"6291935a4cdd","build":"201.6668.121","bucket":"109","time":1608979969298,"group":{"id":"lifecycle","version":"39"},"event":{"count":1,"data":{"created":1608979969298,"project":"42b74e951dd17c4a54593f8be1d7961fb0ac3b0a0f9d9b1bf573db967555b734"},"id":"frame.deactivated"}}
{"recorder_version":"39","session":"6291935a4cdd","build":"201.6668.121","bucket":"109","time":1608979976448,"group":{"id":"lifecycle","version":"39"},"event":{"count":1,"data":{"created":1608979976448,"project":"42b74e951dd17c4a54593f8be1d7961fb0ac3b0a0f9d9b1bf573db967555b734"},"id":"frame.activated"}}
{"recorder_version":"39","session":"6291935a4cdd","build":"201.6668.121","bucket":"109","time":1608979978133,"group":{"id":"productivity","version":"39"},"event":{"count":1,"data":{"created":1608979978133,"plugin_type":"PLATFORM","id":"editing.select.word","group":"editing"},"id":"feature.used"}}
{"recorder_version":"39","session":"6291935a4cdd","build":"201.6668.121","bucket":"109","time":1608979978271,"group":{"id":"actions","version":"39"},"event":{"count":3,"data":{"context_menu":false,"last":1608979978526,"current_file":"Properties","action_id":"EditorCopy","created":1608979978271,"plugin_type":"PLATFORM","project":"42b74e951dd17c4a54593f8be1d7961fb0ac3b0a0f9d9b1bf573db967555b734","place":"keyboard_shortcut","class":"com.intellij.openapi.editor.actions.CopyAction","input_event":"Ctrl+C"},"id":"action.invoked"}}
{"recorder_version":"39","session":"6291935a4cdd","build":"201.6668.121","bucket":"109","time":1608979979414,"group":{"id":"lifecycle","version":"39"},"event":{"count":1,"data":{"created":1608979979415,"project":"42b74e951dd17c4a54593f8be1d7961fb0ac3b0a0f9d9b1bf573db967555b734"},"id":"frame.deactivated"}}
{"recorder_version":"39","session":"6291935a4cdd","build":"201.6668.121","bucket":"109","time":1608979988643,"group":{"id":"lifecycle","version":"39"},"event":{"count":1,"data":{"created":1608979988645,"project":"42b74e951dd17c4a54593f8be1d7961fb0ac3b0a0f9d9b1bf573db967555b734"},"id":"frame.activated"}}
{"recorder_version":"39","session":"6291935a4cdd","build":"201.6668.121","bucket":"109","time":1608979989487,"group":{"id":"productivity","version":"39"},"event":{"count":1,"data":{"created":1608979989487,"plugin_type":"PLATFORM","id":"editing.select.word","group":"editing"},"id":"feature.used"}}
{"recorder_version":"39","session":"6291935a4cdd","build":"201.6668.121","bucket":"109","time":1608979989649,"group":{"id":"actions","version":"39"},"event":{"count":1,"data":{"context_menu":false,"current_file":"Properties","action_id":"EditorPaste","created":1608979989650,"plugin_type":"PLATFORM","project":"42b74e951dd17c4a54593f8be1d7961fb0ac3b0a0f9d9b1bf573db967555b734","place":"keyboard_shortcut","class":"com.intellij.openapi.editor.actions.PasteAction","input_event":"Ctrl+V"},"id":"action.invoked"}}
{"recorder_version":"39","session":"6291935a4cdd","build":"201.6668.121","bucket":"109","time":1608979990023,"group":{"id":"actions","version":"39"},"event":{"count":6,"data":{"context_menu":false,"last":1608979991195,"current_file":"Properties","action_id":"SaveAll","created":1608979990023,"plugin_type":"PLATFORM","project":"42b74e951dd17c4a54593f8be1d7961fb0ac3b0a0f9d9b1bf573db967555b734","place":"keyboard_shortcut","class":"com.intellij.ide.actions.SaveAllAction","input_event":"Ctrl+S"},"id":"action.invoked"}}
{"recorder_version":"39","session":"6291935a4cdd","build":"201.6668.121","bucket":"109","time":1608979992430,"group":{"id":"toolwindow","version":"39"},"event":{"count":1,"data":{"ViewMode":"DockPinned","created":1608979992430,"plugin_type":"PLATFORM","id":"Project","Location":"Left_Top"},"id":"activated"}}
{"recorder_version":"39","session":"6291935a4cdd","build":"201.6668.121","bucket":"109","time":1608979993825,"group":{"id":"actions","version":"39"},"event":{"count":1,"data":{"context_menu":true,"current_file":"JAVA","action_id":"third.party","created":1608979993826,"plugin_type":"NOT_LISTED","project":"42b74e951dd17c4a54593f8be1d7961fb0ac3b0a0f9d9b1bf573db967555b734","place":"MainMenu","class":"third.party","input_event":"MouseLeft"},"id":"action.invoked"}}
{"recorder_version":"39","session":"6291935a4cdd","build":"201.6668.121","bucket":"109","time":1608980007994,"group":{"id":"toolwindow","version":"39"},"event":{"count":1,"data":{"ViewMode":"DockPinned","created":1608980007994,"plugin_type":"PLATFORM","id":"Project","Location":"Left_Top"},"id":"activated"}}
{"recorder_version":"39","session":"6291935a4cdd","build":"201.6668.121","bucket":"109","time":1608980008000,"group":{"id":"lifecycle","version":"39"},"event":{"count":1,"data":{"created":1608980008001,"project":"42b74e951dd17c4a54593f8be1d7961fb0ac3b0a0f9d9b1bf573db967555b734"},"id":"frame.deactivated"}}
